Tue Sep 13 06:49:25 UTC 2022 - Executing "openroad -python /openlane/scripts/odbpy/lefutil.py get_metal_layers -o /openlane/designs/iiitb_ringcounter/runs/RUN_2022.09.13_06.49.24/tmp/layers.list /home/anmol/OpenLane/pdks/sky130A/libs.ref/sky130_fd_sc_hd/techlef/sky130_fd_sc_hd__nom.tlef"

Tue Sep 13 06:49:25 UTC 2022 - Executing "/openlane/scripts/mergeLef.py -o /openlane/designs/iiitb_ringcounter/runs/RUN_2022.09.13_06.49.24/tmp/merged.nom.lef -i /home/anmol/OpenLane/pdks/sky130A/libs.ref/sky130_fd_sc_hd/techlef/sky130_fd_sc_hd__nom.tlef {/home/anmol/OpenLane/pdks/sky130A/libs.ref/sky130_fd_sc_hd/lef/sky130_ef_sc_hd.lef /home/anmol/OpenLane/pdks/sky130A/libs.ref/sky130_fd_sc_hd/lef/sky130_fd_sc_hd.lef} |& tee /dev/null"

Tue Sep 13 06:49:25 UTC 2022 - Executing "/openlane/scripts/mergeLef.py -o /openlane/designs/iiitb_ringcounter/runs/RUN_2022.09.13_06.49.24/tmp/merged.min.lef -i /home/anmol/OpenLane/pdks/sky130A/libs.ref/sky130_fd_sc_hd/techlef/sky130_fd_sc_hd__min.tlef {/home/anmol/OpenLane/pdks/sky130A/libs.ref/sky130_fd_sc_hd/lef/sky130_ef_sc_hd.lef /home/anmol/OpenLane/pdks/sky130A/libs.ref/sky130_fd_sc_hd/lef/sky130_fd_sc_hd.lef} |& tee /dev/null"

Tue Sep 13 06:49:25 UTC 2022 - Executing "/openlane/scripts/mergeLef.py -o /openlane/designs/iiitb_ringcounter/runs/RUN_2022.09.13_06.49.24/tmp/merged.max.lef -i /home/anmol/OpenLane/pdks/sky130A/libs.ref/sky130_fd_sc_hd/techlef/sky130_fd_sc_hd__max.tlef {/home/anmol/OpenLane/pdks/sky130A/libs.ref/sky130_fd_sc_hd/lef/sky130_ef_sc_hd.lef /home/anmol/OpenLane/pdks/sky130A/libs.ref/sky130_fd_sc_hd/lef/sky130_fd_sc_hd.lef} |& tee /dev/null"

Tue Sep 13 06:49:25 UTC 2022 - Executing "openroad -python /openlane/scripts/mergeLib.py --output /openlane/designs/iiitb_ringcounter/runs/RUN_2022.09.13_06.49.24/tmp/synthesis/merged.lib --name sky130A_merged /openlane/designs/iiitb_ringcounter/src/sky130_fd_sc_hd__typical.lib"

Tue Sep 13 06:49:26 UTC 2022 - Executing "openroad -python /openlane/scripts/libtrim.py --cell-file /openlane/designs/iiitb_ringcounter/runs/RUN_2022.09.13_06.49.24/tmp/synthesis/trimmed.lib.exclude.list --output /openlane/designs/iiitb_ringcounter/runs/RUN_2022.09.13_06.49.24/tmp/synthesis/trimmed.lib /openlane/designs/iiitb_ringcounter/runs/RUN_2022.09.13_06.49.24/tmp/synthesis/merged.lib"

Tue Sep 13 06:49:26 UTC 2022 - Executing "openroad -python /openlane/scripts/new_tracks.py -i /home/anmol/OpenLane/pdks/sky130A/libs.tech/openlane/sky130_fd_sc_hd/tracks.info -o /openlane/designs/iiitb_ringcounter/runs/RUN_2022.09.13_06.49.24/tmp/routing/config.tracks"

Tue Sep 13 06:49:26 UTC 2022 - Executing "echo {openlane b6bacc9d1ab469917fda7ceea61ea3a18984b818} > /openlane/designs/iiitb_ringcounter/runs/RUN_2022.09.13_06.49.24/OPENLANE_VERSION"

Tue Sep 13 06:49:54 UTC 2022 - Executing "/openlane/scripts/mergeLef.py -i /openlane/designs/iiitb_ringcounter/runs/RUN_2022.09.13_06.49.24/tmp/merged.nom.lef /openlane/designs/iiitb_ringcounter/src/sky130_vsdinv.lef -o /openlane/designs/iiitb_ringcounter/runs/RUN_2022.09.13_06.49.24/tmp/merged.nom.lef.new"

Tue Sep 13 06:49:55 UTC 2022 - Executing "mv /openlane/designs/iiitb_ringcounter/runs/RUN_2022.09.13_06.49.24/tmp/merged.nom.lef.new /openlane/designs/iiitb_ringcounter/runs/RUN_2022.09.13_06.49.24/tmp/merged.nom.lef"

Tue Sep 13 06:50:00 UTC 2022 - Executing "sed -E {s/^([[:space:]]+)pg_pin(.*)/\1pin\2\n\1    direction : "inout";/g} /openlane/designs/iiitb_ringcounter/src/sky130_fd_sc_hd__typical.lib > /openlane/designs/iiitb_ringcounter/runs/RUN_2022.09.13_06.49.24/tmp/synthesis/1-sky130_fd_sc_hd__typical.no_pg.lib"

Tue Sep 13 06:50:00 UTC 2022 - Executing "sed -E {s/^([[:space:]]+)pg_pin(.*)/\1pin\2\n\1    direction : "inout";/g} /openlane/designs/iiitb_ringcounter/runs/RUN_2022.09.13_06.49.24/tmp/synthesis/trimmed.lib > /openlane/designs/iiitb_ringcounter/runs/RUN_2022.09.13_06.49.24/tmp/synthesis/1-trimmed.no_pg.lib"

Tue Sep 13 06:50:00 UTC 2022 - Executing "yosys -c /openlane/scripts/yosys/synth.tcl -l /openlane/designs/iiitb_ringcounter/runs/RUN_2022.09.13_06.49.24/logs/synthesis/1-synthesis.log |& tee /dev/null"

Tue Sep 13 06:50:01 UTC 2022 - Executing "sed -i -e {s/\(set ::env(CURRENT_NETLIST)\).*/\1 \/openlane\/designs\/iiitb_ringcounter\/runs\/RUN_2022.09.13_06.49.24\/results\/synthesis\/iiitb_ringcounter.v/} /openlane/designs/iiitb_ringcounter/runs/RUN_2022.09.13_06.49.24/config.tcl"

Tue Sep 13 06:50:01 UTC 2022 - Executing "sed -i -e {s/\(set ::env(PREV_NETLIST)\).*/\1 0/} /openlane/designs/iiitb_ringcounter/runs/RUN_2022.09.13_06.49.24/config.tcl"

Tue Sep 13 06:50:01 UTC 2022 - Executing "sed -i /defparam/d /openlane/designs/iiitb_ringcounter/runs/RUN_2022.09.13_06.49.24/results/synthesis/iiitb_ringcounter.v"

Tue Sep 13 06:50:01 UTC 2022 - Executing "openroad -exit /openlane/scripts/openroad/sta.tcl |& tee /dev/null /openlane/designs/iiitb_ringcounter/runs/RUN_2022.09.13_06.49.24/logs/synthesis/2-sta.log"

Tue Sep 13 06:50:04 UTC 2022 - Executing "openroad -exit /openlane/scripts/openroad/floorplan.tcl |& tee /dev/null /openlane/designs/iiitb_ringcounter/runs/RUN_2022.09.13_06.49.24/logs/floorplan/3-initial_fp.log"

Tue Sep 13 06:50:05 UTC 2022 - Executing "openroad -python /openlane/scripts/odbpy/snap_to_grid.py --output /openlane/designs/iiitb_ringcounter/runs/RUN_2022.09.13_06.49.24/tmp/floorplan/3-minimized_pdn.txt --input-lef /openlane/designs/iiitb_ringcounter/runs/RUN_2022.09.13_06.49.24/tmp/merged.nom.lef 3.68 3.3999999999999995 7.36 6.799999999999999"

Tue Sep 13 06:50:05 UTC 2022 - Executing "openroad -python /openlane/scripts/odbpy/defutil.py extract_core_dims --output-data /openlane/designs/iiitb_ringcounter/runs/RUN_2022.09.13_06.49.24/tmp/dimensions.txt --input-lef /openlane/designs/iiitb_ringcounter/runs/RUN_2022.09.13_06.49.24/tmp/merged.nom.lef /openlane/designs/iiitb_ringcounter/runs/RUN_2022.09.13_06.49.24/tmp/floorplan/3-initial_fp.def"

Tue Sep 13 06:50:06 UTC 2022 - Executing "openroad -exit /openlane/scripts/openroad/ioplacer.tcl |& tee /dev/null /openlane/designs/iiitb_ringcounter/runs/RUN_2022.09.13_06.49.24/logs/floorplan/4-io.log"

Tue Sep 13 06:50:06 UTC 2022 - Executing "openroad -exit /openlane/scripts/openroad/tapcell.tcl |& tee /dev/null /openlane/designs/iiitb_ringcounter/runs/RUN_2022.09.13_06.49.24/logs/floorplan/5-tap.log"

Tue Sep 13 06:50:06 UTC 2022 - Executing "openroad -exit /openlane/scripts/openroad/pdn.tcl |& tee /dev/null /openlane/designs/iiitb_ringcounter/runs/RUN_2022.09.13_06.49.24/logs/floorplan/6-pdn.log"

Tue Sep 13 06:50:11 UTC 2022 - Executing "openroad -exit /openlane/scripts/openroad/gpl.tcl |& tee /dev/null /openlane/designs/iiitb_ringcounter/runs/RUN_2022.09.13_06.49.24/logs/placement/7-global.log"

Tue Sep 13 06:50:12 UTC 2022 - Executing "openroad -exit /openlane/scripts/openroad/resizer.tcl |& tee /dev/null /openlane/designs/iiitb_ringcounter/runs/RUN_2022.09.13_06.49.24/logs/placement/8-resizer.log"

Tue Sep 13 06:50:12 UTC 2022 - Executing "openroad -exit /openlane/scripts/openroad/write_verilog.tcl |& tee /dev/null /openlane/designs/iiitb_ringcounter/runs/RUN_2022.09.13_06.49.24/logs/placement/9-write_verilog.log"

Tue Sep 13 06:50:13 UTC 2022 - Executing "sed -i -e {s/\(set ::env(CURRENT_NETLIST)\).*/\1 \/openlane\/designs\/iiitb_ringcounter\/runs\/RUN_2022.09.13_06.49.24\/results\/placement\/iiitb_ringcounter.resized.v/} /openlane/designs/iiitb_ringcounter/runs/RUN_2022.09.13_06.49.24/config.tcl"

Tue Sep 13 06:50:13 UTC 2022 - Executing "sed -i -e {s/\(set ::env(PREV_NETLIST)\).*/\1 \/openlane\/designs\/iiitb_ringcounter\/runs\/RUN_2022.09.13_06.49.24\/results\/synthesis\/iiitb_ringcounter.v/} /openlane/designs/iiitb_ringcounter/runs/RUN_2022.09.13_06.49.24/config.tcl"

Tue Sep 13 06:50:13 UTC 2022 - Executing "openroad -python /openlane/scripts/odbpy/remove_buffers.py --output /openlane/designs/iiitb_ringcounter/runs/RUN_2022.09.13_06.49.24/tmp/placement/8-resizer.buffers_removed.def --input-lef /openlane/designs/iiitb_ringcounter/runs/RUN_2022.09.13_06.49.24/tmp/merged.nom.lef --match {^$} /openlane/designs/iiitb_ringcounter/runs/RUN_2022.09.13_06.49.24/tmp/placement/8-resizer.def |& tee /dev/null /openlane/designs/iiitb_ringcounter/runs/RUN_2022.09.13_06.49.24/logs/placement/10-remove_buffers.log"

Tue Sep 13 06:50:13 UTC 2022 - Executing "openroad -exit /openlane/scripts/openroad/dpl.tcl |& tee /dev/null /openlane/designs/iiitb_ringcounter/runs/RUN_2022.09.13_06.49.24/logs/placement/11-detailed.log"

Tue Sep 13 06:50:18 UTC 2022 - Executing "openroad -python /openlane/scripts/libtrim.py --cell-file /openlane/designs/iiitb_ringcounter/runs/RUN_2022.09.13_06.49.24/tmp/cts/cts.lib.exclude.list --output /openlane/designs/iiitb_ringcounter/runs/RUN_2022.09.13_06.49.24/tmp/cts/cts.lib /openlane/designs/iiitb_ringcounter/src/sky130_fd_sc_hd__typical.lib"

Tue Sep 13 06:50:18 UTC 2022 - Executing "openroad -exit /openlane/scripts/openroad/cts.tcl |& tee /dev/null /openlane/designs/iiitb_ringcounter/runs/RUN_2022.09.13_06.49.24/logs/cts/12-cts.log"

Tue Sep 13 06:50:58 UTC 2022 - Executing "openroad -exit /openlane/scripts/openroad/write_verilog.tcl |& tee /dev/null /openlane/designs/iiitb_ringcounter/runs/RUN_2022.09.13_06.49.24/logs/cts/13-write_verilog.log"

Tue Sep 13 06:50:58 UTC 2022 - Executing "sed -i -e {s/\(set ::env(CURRENT_NETLIST)\).*/\1 \/openlane\/designs\/iiitb_ringcounter\/runs\/RUN_2022.09.13_06.49.24\/results\/cts\/iiitb_ringcounter.v/} /openlane/designs/iiitb_ringcounter/runs/RUN_2022.09.13_06.49.24/config.tcl"

Tue Sep 13 06:50:58 UTC 2022 - Executing "sed -i -e {s/\(set ::env(PREV_NETLIST)\).*/\1 \/openlane\/designs\/iiitb_ringcounter\/runs\/RUN_2022.09.13_06.49.24\/results\/placement\/iiitb_ringcounter.resized.v/} /openlane/designs/iiitb_ringcounter/runs/RUN_2022.09.13_06.49.24/config.tcl"

Tue Sep 13 06:52:26 UTC 2022 - Executing "openroad -exit /openlane/scripts/openroad/resizer_routing_timing.tcl |& tee /dev/null /openlane/designs/iiitb_ringcounter/runs/RUN_2022.09.13_06.49.24/logs/routing/14-resizer.log"

Tue Sep 13 06:52:27 UTC 2022 - Executing "openroad -exit /openlane/scripts/openroad/write_verilog.tcl |& tee /dev/null /openlane/designs/iiitb_ringcounter/runs/RUN_2022.09.13_06.49.24/logs/routing/15-write_verilog.log"

Tue Sep 13 06:52:27 UTC 2022 - Executing "sed -i -e {s/\(set ::env(CURRENT_NETLIST)\).*/\1 \/openlane\/designs\/iiitb_ringcounter\/runs\/RUN_2022.09.13_06.49.24\/results\/routing\/iiitb_ringcounter.resized.v/} /openlane/designs/iiitb_ringcounter/runs/RUN_2022.09.13_06.49.24/config.tcl"

Tue Sep 13 06:52:27 UTC 2022 - Executing "sed -i -e {s/\(set ::env(PREV_NETLIST)\).*/\1 \/openlane\/designs\/iiitb_ringcounter\/runs\/RUN_2022.09.13_06.49.24\/results\/cts\/iiitb_ringcounter.v/} /openlane/designs/iiitb_ringcounter/runs/RUN_2022.09.13_06.49.24/config.tcl"

Tue Sep 13 06:52:27 UTC 2022 - Executing "openroad -python /openlane/scripts/odbpy/remove_buffers.py --output /openlane/designs/iiitb_ringcounter/runs/RUN_2022.09.13_06.49.24/tmp/routing/14-resizer_timing.buffers_removed.def --input-lef /openlane/designs/iiitb_ringcounter/runs/RUN_2022.09.13_06.49.24/tmp/merged.nom.lef --match {^$} /openlane/designs/iiitb_ringcounter/runs/RUN_2022.09.13_06.49.24/tmp/routing/14-resizer_timing.def |& tee /dev/null /openlane/designs/iiitb_ringcounter/runs/RUN_2022.09.13_06.49.24/logs/placement/16-remove_buffers.log"

Tue Sep 13 06:52:27 UTC 2022 - Executing "openroad -exit /openlane/scripts/openroad/dpl.tcl |& tee /dev/null /openlane/designs/iiitb_ringcounter/runs/RUN_2022.09.13_06.49.24/logs/routing/17-diode_legalization.log"

Tue Sep 13 06:52:28 UTC 2022 - Executing "openroad -exit /openlane/scripts/openroad/groute.tcl |& tee /dev/null /openlane/designs/iiitb_ringcounter/runs/RUN_2022.09.13_06.49.24/logs/routing/18-global.log"

Tue Sep 13 06:52:29 UTC 2022 - Executing "openroad -exit /openlane/scripts/openroad/fill.tcl |& tee /dev/null /openlane/designs/iiitb_ringcounter/runs/RUN_2022.09.13_06.49.24/logs/routing/19-fill.log"

Tue Sep 13 06:52:29 UTC 2022 - Executing "openroad -exit /openlane/scripts/openroad/write_verilog.tcl |& tee /dev/null /openlane/designs/iiitb_ringcounter/runs/RUN_2022.09.13_06.49.24/logs/routing/20-write_verilog_global.log"

Tue Sep 13 06:52:29 UTC 2022 - Executing "sed -i -e {s/\(set ::env(CURRENT_NETLIST)\).*/\1 \/openlane\/designs\/iiitb_ringcounter\/runs\/RUN_2022.09.13_06.49.24\/tmp\/routing\/19-global.v/} /openlane/designs/iiitb_ringcounter/runs/RUN_2022.09.13_06.49.24/config.tcl"

Tue Sep 13 06:52:29 UTC 2022 - Executing "sed -i -e {s/\(set ::env(PREV_NETLIST)\).*/\1 \/openlane\/designs\/iiitb_ringcounter\/runs\/RUN_2022.09.13_06.49.24\/results\/routing\/iiitb_ringcounter.resized.v/} /openlane/designs/iiitb_ringcounter/runs/RUN_2022.09.13_06.49.24/config.tcl"

Tue Sep 13 06:52:29 UTC 2022 - Executing "openroad -exit /openlane/scripts/openroad/droute.tcl |& tee /dev/null /openlane/designs/iiitb_ringcounter/runs/RUN_2022.09.13_06.49.24/logs/routing/21-detailed.log"

Tue Sep 13 06:52:30 UTC 2022 - Executing "openroad -python /openlane/scripts/drc_rosetta.py tr to_klayout -o /openlane/designs/iiitb_ringcounter/runs/RUN_2022.09.13_06.49.24/reports/routing/drt.klayout.xml --design-name iiitb_ringcounter /openlane/designs/iiitb_ringcounter/runs/RUN_2022.09.13_06.49.24/reports/routing/drt.drc"

Tue Sep 13 06:52:31 UTC 2022 - Executing "openroad -exit /openlane/scripts/openroad/write_verilog.tcl |& tee /dev/null /openlane/designs/iiitb_ringcounter/runs/RUN_2022.09.13_06.49.24/logs/routing/22-write_verilog_detailed.log"

Tue Sep 13 06:52:31 UTC 2022 - Executing "sed -i -e {s/\(set ::env(CURRENT_NETLIST)\).*/\1 \/openlane\/designs\/iiitb_ringcounter\/runs\/RUN_2022.09.13_06.49.24\/tmp\/routing\/21-detailed.v/} /openlane/designs/iiitb_ringcounter/runs/RUN_2022.09.13_06.49.24/config.tcl"

Tue Sep 13 06:52:31 UTC 2022 - Executing "sed -i -e {s/\(set ::env(PREV_NETLIST)\).*/\1 \/openlane\/designs\/iiitb_ringcounter\/runs\/RUN_2022.09.13_06.49.24\/tmp\/routing\/19-global.v/} /openlane/designs/iiitb_ringcounter/runs/RUN_2022.09.13_06.49.24/config.tcl"

