OpenROAD 4a99e88667b0840531ca0096c4fa0da8f80d6cb1 
This program is licensed under the BSD-3 license. See the LICENSE file for details.
Components of this program may be licensed under more restrictive licenses which must be honored.
[WARNING STA-0163] /openlane/designs/iiitb_ringcounter/runs/RUN_2022.09.13_06.49.24/tmp/cts/cts.lib line 23, default_fanout_load is 0.0.
[INFO ODB-0222] Reading LEF file: /openlane/designs/iiitb_ringcounter/runs/RUN_2022.09.13_06.49.24/tmp/merged.nom.lef
[WARNING ODB-0220] WARNING (LEFPARS-2036): SOURCE statement is obsolete in version 5.6 and later.
The LEF parser will ignore this statement.
To avoid this warning in the future, remove this statement from the LEF file with version 5.6 or later. See file /openlane/designs/iiitb_ringcounter/runs/RUN_2022.09.13_06.49.24/tmp/merged.nom.lef at line 930.

[INFO ODB-0223]     Created 13 technology layers
[INFO ODB-0224]     Created 25 technology vias
[INFO ODB-0225]     Created 442 library cells
[INFO ODB-0226] Finished LEF file:  /openlane/designs/iiitb_ringcounter/runs/RUN_2022.09.13_06.49.24/tmp/merged.nom.lef
[INFO ODB-0127] Reading DEF file: /openlane/designs/iiitb_ringcounter/runs/RUN_2022.09.13_06.49.24/results/placement/iiitb_ringcounter.def
[INFO ODB-0128] Design: iiitb_ringcounter
[INFO ODB-0130]     Created 8 pins.
[INFO ODB-0131]     Created 49 components and 214 component-terminals.
[INFO ODB-0132]     Created 2 special nets and 172 connections.
[INFO ODB-0133]     Created 19 nets and 42 connections.
[INFO ODB-0134] Finished DEF file: /openlane/designs/iiitb_ringcounter/runs/RUN_2022.09.13_06.49.24/results/placement/iiitb_ringcounter.def
[INFO]: Setting RC values...
[INFO]: Configuring cts characterization...
[INFO]: Performing clock tree synthesis...
[INFO]: Looking for the following net(s): clkin
[INFO]: Running Clock Tree Synthesis...
[INFO CTS-0049] Characterization buffer is: sky130_fd_sc_hd__clkbuf_8.
[INFO CTS-0038] Number of created patterns = 50000.
[INFO CTS-0038] Number of created patterns = 100000.
[INFO CTS-0039] Number of created patterns = 137808.
[INFO CTS-0084] Compiling LUT.
Min. len    Max. len    Min. cap    Max. cap    Min. slew   Max. slew
2           8           1           35          1           48          
[WARNING CTS-0043] 4752 wires are pure wire and no slew degradation.
TritonCTS forced slew degradation on these wires.
[INFO CTS-0046]     Number of wire segments: 137808.
[INFO CTS-0047]     Number of keys in characterization LUT: 1760.
[INFO CTS-0048]     Actual min input cap: 1.
[INFO CTS-0007] Net "clkin" found for clock "clkin".
[INFO CTS-0010]  Clock net "clkin" has 4 sinks.
[INFO CTS-0008] TritonCTS found 1 clock nets.
[INFO CTS-0097] Characterization used 2 buffer(s) types.
[INFO CTS-0027] Generating H-Tree topology for net clkin.
[INFO CTS-0028]  Total number of sinks: 4.
[INFO CTS-0029]  Sinks will be clustered in groups of up to 25 and with maximum cluster diameter of 50.0 um.
[INFO CTS-0030]  Number of static layers: 0.
[INFO CTS-0020]  Wire segment unit: 13000  dbu (13 um).
[INFO CTS-0023]  Original sink region: [(15375, 20460), (22275, 25900)].
[INFO CTS-0024]  Normalized sink region: [(1.18269, 1.57385), (1.71346, 1.99231)].
[INFO CTS-0025]     Width:  0.5308.
[INFO CTS-0026]     Height: 0.4185.
[WARNING CTS-0045] Creating fake entries in the LUT.
 Level 1
    Direction: Horizontal
    Sinks per sub-region: 2
    Sub-region size: 0.2654 X 0.4185
[INFO CTS-0034]     Segment length (rounded): 1.
    Key: 137808 outSlew: 2 load: 1 length: 1 isBuffered: false
[INFO CTS-0032]  Stop criterion found. Max number of sinks is 15.
[INFO CTS-0035]  Number of sinks covered: 4.
[INFO CTS-0036]  Average source sink dist: 15130.00 dbu.
[INFO CTS-0037]  Number of outlier sinks: 0.
[INFO CTS-0018]     Created 3 clock buffers.
[INFO CTS-0012]     Minimum number of buffers in the clock path: 2.
[INFO CTS-0013]     Maximum number of buffers in the clock path: 2.
[INFO CTS-0015]     Created 3 clock nets.
[INFO CTS-0016]     Fanout distribution for the current clock = 2:2..
[INFO CTS-0017]     Max level of the clock tree: 1.
[INFO CTS-0098] Clock net "clkin"
[INFO CTS-0099]  Sinks 4
[INFO CTS-0100]  Leaf buffers 0
[INFO CTS-0101]  Average sink wire length 60.11 um
[INFO CTS-0102]  Path depth 2 - 2
[INFO]: Repairing long wires on clock nets...
[INFO RSZ-0058] Using max wire length 3048um.
[INFO]: Legalizing...
Placement Analysis
---------------------------------
total displacement         36.3 u
average displacement        0.7 u
max displacement            9.0 u
original HPWL             330.7 u
legalized HPWL            362.2 u
delta HPWL                   10 %

[INFO DPL-0020] Mirrored 10 instances
[INFO DPL-0021] HPWL before             362.2 u
[INFO DPL-0022] HPWL after              321.6 u
[INFO DPL-0023] HPWL delta              -11.2 %
cts_report
[INFO CTS-0003] Total number of Clock Roots: 1.
[INFO CTS-0004] Total number of Buffers Inserted: 3.
[INFO CTS-0005] Total number of Clock Subnets: 3.
[INFO CTS-0006] Total number of Sinks: 4.
cts_report_end
min_report

===========================================================================
report_checks -path_delay min (Hold)
============================================================================
Startpoint: _19_ (rising edge-triggered flip-flop clocked by clkin)
Endpoint: _16_ (rising edge-triggered flip-flop clocked by clkin)
Path Group: clkin
Path Type: min

Fanout     Cap    Slew   Delay    Time   Description
-----------------------------------------------------------------------------
                          0.00    0.00   clock clkin (rise edge)
                          0.00    0.00   clock source latency
                  0.09    0.05    0.05 ^ clkin (in)
     1    0.01                           clkin (net)
                  0.09    0.00    0.05 ^ clkbuf_0_clkin/A (sky130_fd_sc_hd__clkbuf_16)
                  0.04    0.13    0.19 ^ clkbuf_0_clkin/X (sky130_fd_sc_hd__clkbuf_16)
     2    0.02                           clknet_0_clkin (net)
                  0.04    0.00    0.19 ^ clkbuf_1_0__f_clkin/A (sky130_fd_sc_hd__clkbuf_16)
                  0.03    0.10    0.29 ^ clkbuf_1_0__f_clkin/X (sky130_fd_sc_hd__clkbuf_16)
     2    0.00                           clknet_1_0__leaf_clkin (net)
                  0.03    0.00    0.29 ^ _19_/CLK (sky130_fd_sc_hd__dfxtp_1)
                  0.06    0.29    0.58 ^ _19_/Q (sky130_fd_sc_hd__dfxtp_1)
     2    0.00                           net5 (net)
                  0.06    0.00    0.58 ^ _15_/A (sky130_fd_sc_hd__or2_1)
                  0.04    0.09    0.67 ^ _15_/X (sky130_fd_sc_hd__or2_1)
     1    0.00                           _04_ (net)
                  0.04    0.00    0.67 ^ _08_/A (sky130_fd_sc_hd__clkbuf_1)
                  0.04    0.07    0.74 ^ _08_/X (sky130_fd_sc_hd__clkbuf_1)
     1    0.00                           _00_ (net)
                  0.04    0.00    0.74 ^ _16_/D (sky130_fd_sc_hd__dfxtp_1)
                                  0.74   data arrival time

                          0.00    0.00   clock clkin (rise edge)
                          0.00    0.00   clock source latency
                  0.09    0.06    0.06 ^ clkin (in)
     1    0.01                           clkin (net)
                  0.09    0.00    0.06 ^ clkbuf_0_clkin/A (sky130_fd_sc_hd__clkbuf_16)
                  0.04    0.15    0.21 ^ clkbuf_0_clkin/X (sky130_fd_sc_hd__clkbuf_16)
     2    0.02                           clknet_0_clkin (net)
                  0.04    0.00    0.21 ^ clkbuf_1_1__f_clkin/A (sky130_fd_sc_hd__clkbuf_16)
                  0.03    0.11    0.32 ^ clkbuf_1_1__f_clkin/X (sky130_fd_sc_hd__clkbuf_16)
     2    0.01                           clknet_1_1__leaf_clkin (net)
                  0.03    0.00    0.32 ^ _16_/CLK (sky130_fd_sc_hd__dfxtp_1)
                          0.25    0.57   clock uncertainty
                         -0.02    0.55   clock reconvergence pessimism
                         -0.03    0.52   library hold time
                                  0.52   data required time
-----------------------------------------------------------------------------
                                  0.52   data required time
                                 -0.74   data arrival time
-----------------------------------------------------------------------------
                                  0.22   slack (MET)


Startpoint: _17_ (rising edge-triggered flip-flop clocked by clkin)
Endpoint: _18_ (rising edge-triggered flip-flop clocked by clkin)
Path Group: clkin
Path Type: min

Fanout     Cap    Slew   Delay    Time   Description
-----------------------------------------------------------------------------
                          0.00    0.00   clock clkin (rise edge)
                          0.00    0.00   clock source latency
                  0.09    0.05    0.05 ^ clkin (in)
     1    0.01                           clkin (net)
                  0.09    0.00    0.05 ^ clkbuf_0_clkin/A (sky130_fd_sc_hd__clkbuf_16)
                  0.04    0.13    0.19 ^ clkbuf_0_clkin/X (sky130_fd_sc_hd__clkbuf_16)
     2    0.02                           clknet_0_clkin (net)
                  0.04    0.00    0.19 ^ clkbuf_1_1__f_clkin/A (sky130_fd_sc_hd__clkbuf_16)
                  0.03    0.10    0.29 ^ clkbuf_1_1__f_clkin/X (sky130_fd_sc_hd__clkbuf_16)
     2    0.01                           clknet_1_1__leaf_clkin (net)
                  0.03    0.00    0.29 ^ _17_/CLK (sky130_fd_sc_hd__dfxtp_1)
                  0.06    0.29    0.58 ^ _17_/Q (sky130_fd_sc_hd__dfxtp_1)
     2    0.00                           net3 (net)
                  0.06    0.00    0.58 ^ _11_/B (sky130_fd_sc_hd__and2b_1)
                  0.04    0.11    0.69 ^ _11_/X (sky130_fd_sc_hd__and2b_1)
     1    0.00                           _06_ (net)
                  0.04    0.00    0.69 ^ _12_/A (sky130_fd_sc_hd__clkbuf_1)
                  0.04    0.07    0.77 ^ _12_/X (sky130_fd_sc_hd__clkbuf_1)
     1    0.00                           _02_ (net)
                  0.04    0.00    0.77 ^ _18_/D (sky130_fd_sc_hd__dfxtp_1)
                                  0.77   data arrival time

                          0.00    0.00   clock clkin (rise edge)
                          0.00    0.00   clock source latency
                  0.09    0.06    0.06 ^ clkin (in)
     1    0.01                           clkin (net)
                  0.09    0.00    0.06 ^ clkbuf_0_clkin/A (sky130_fd_sc_hd__clkbuf_16)
                  0.04    0.15    0.21 ^ clkbuf_0_clkin/X (sky130_fd_sc_hd__clkbuf_16)
     2    0.02                           clknet_0_clkin (net)
                  0.04    0.00    0.21 ^ clkbuf_1_0__f_clkin/A (sky130_fd_sc_hd__clkbuf_16)
                  0.03    0.11    0.32 ^ clkbuf_1_0__f_clkin/X (sky130_fd_sc_hd__clkbuf_16)
     2    0.00                           clknet_1_0__leaf_clkin (net)
                  0.03    0.00    0.32 ^ _18_/CLK (sky130_fd_sc_hd__dfxtp_1)
                          0.25    0.57   clock uncertainty
                         -0.02    0.55   clock reconvergence pessimism
                         -0.03    0.52   library hold time
                                  0.52   data required time
-----------------------------------------------------------------------------
                                  0.52   data required time
                                 -0.77   data arrival time
-----------------------------------------------------------------------------
                                  0.25   slack (MET)


Startpoint: _16_ (rising edge-triggered flip-flop clocked by clkin)
Endpoint: _17_ (rising edge-triggered flip-flop clocked by clkin)
Path Group: clkin
Path Type: min

Fanout     Cap    Slew   Delay    Time   Description
-----------------------------------------------------------------------------
                          0.00    0.00   clock clkin (rise edge)
                          0.00    0.00   clock source latency
                  0.09    0.05    0.05 ^ clkin (in)
     1    0.01                           clkin (net)
                  0.09    0.00    0.05 ^ clkbuf_0_clkin/A (sky130_fd_sc_hd__clkbuf_16)
                  0.04    0.13    0.19 ^ clkbuf_0_clkin/X (sky130_fd_sc_hd__clkbuf_16)
     2    0.02                           clknet_0_clkin (net)
                  0.04    0.00    0.19 ^ clkbuf_1_1__f_clkin/A (sky130_fd_sc_hd__clkbuf_16)
                  0.03    0.10    0.29 ^ clkbuf_1_1__f_clkin/X (sky130_fd_sc_hd__clkbuf_16)
     2    0.01                           clknet_1_1__leaf_clkin (net)
                  0.03    0.00    0.29 ^ _16_/CLK (sky130_fd_sc_hd__dfxtp_1)
                  0.06    0.30    0.59 ^ _16_/Q (sky130_fd_sc_hd__dfxtp_1)
     2    0.01                           net2 (net)
                  0.06    0.00    0.59 ^ _09_/B (sky130_fd_sc_hd__and2b_1)
                  0.04    0.11    0.70 ^ _09_/X (sky130_fd_sc_hd__and2b_1)
     1    0.00                           _05_ (net)
                  0.04    0.00    0.70 ^ _10_/A (sky130_fd_sc_hd__clkbuf_1)
                  0.04    0.07    0.77 ^ _10_/X (sky130_fd_sc_hd__clkbuf_1)
     1    0.00                           _01_ (net)
                  0.04    0.00    0.77 ^ _17_/D (sky130_fd_sc_hd__dfxtp_1)
                                  0.77   data arrival time

                          0.00    0.00   clock clkin (rise edge)
                          0.00    0.00   clock source latency
                  0.09    0.06    0.06 ^ clkin (in)
     1    0.01                           clkin (net)
                  0.09    0.00    0.06 ^ clkbuf_0_clkin/A (sky130_fd_sc_hd__clkbuf_16)
                  0.04    0.15    0.21 ^ clkbuf_0_clkin/X (sky130_fd_sc_hd__clkbuf_16)
     2    0.02                           clknet_0_clkin (net)
                  0.04    0.00    0.21 ^ clkbuf_1_1__f_clkin/A (sky130_fd_sc_hd__clkbuf_16)
                  0.03    0.11    0.32 ^ clkbuf_1_1__f_clkin/X (sky130_fd_sc_hd__clkbuf_16)
     2    0.01                           clknet_1_1__leaf_clkin (net)
                  0.03    0.00    0.32 ^ _17_/CLK (sky130_fd_sc_hd__dfxtp_1)
                          0.25    0.57   clock uncertainty
                         -0.03    0.54   clock reconvergence pessimism
                         -0.03    0.51   library hold time
                                  0.51   data required time
-----------------------------------------------------------------------------
                                  0.51   data required time
                                 -0.77   data arrival time
-----------------------------------------------------------------------------
                                  0.26   slack (MET)


Startpoint: _18_ (rising edge-triggered flip-flop clocked by clkin)
Endpoint: _19_ (rising edge-triggered flip-flop clocked by clkin)
Path Group: clkin
Path Type: min

Fanout     Cap    Slew   Delay    Time   Description
-----------------------------------------------------------------------------
                          0.00    0.00   clock clkin (rise edge)
                          0.00    0.00   clock source latency
                  0.09    0.05    0.05 ^ clkin (in)
     1    0.01                           clkin (net)
                  0.09    0.00    0.05 ^ clkbuf_0_clkin/A (sky130_fd_sc_hd__clkbuf_16)
                  0.04    0.13    0.19 ^ clkbuf_0_clkin/X (sky130_fd_sc_hd__clkbuf_16)
     2    0.02                           clknet_0_clkin (net)
                  0.04    0.00    0.19 ^ clkbuf_1_0__f_clkin/A (sky130_fd_sc_hd__clkbuf_16)
                  0.03    0.10    0.29 ^ clkbuf_1_0__f_clkin/X (sky130_fd_sc_hd__clkbuf_16)
     2    0.00                           clknet_1_0__leaf_clkin (net)
                  0.03    0.00    0.29 ^ _18_/CLK (sky130_fd_sc_hd__dfxtp_1)
                  0.07    0.30    0.59 ^ _18_/Q (sky130_fd_sc_hd__dfxtp_1)
     2    0.01                           net4 (net)
                  0.07    0.00    0.59 ^ _13_/B (sky130_fd_sc_hd__and2b_1)
                  0.04    0.11    0.70 ^ _13_/X (sky130_fd_sc_hd__and2b_1)
     1    0.00                           _07_ (net)
                  0.04    0.00    0.70 ^ _14_/A (sky130_fd_sc_hd__clkbuf_1)
                  0.04    0.07    0.78 ^ _14_/X (sky130_fd_sc_hd__clkbuf_1)
     1    0.00                           _03_ (net)
                  0.04    0.00    0.78 ^ _19_/D (sky130_fd_sc_hd__dfxtp_1)
                                  0.78   data arrival time

                          0.00    0.00   clock clkin (rise edge)
                          0.00    0.00   clock source latency
                  0.09    0.06    0.06 ^ clkin (in)
     1    0.01                           clkin (net)
                  0.09    0.00    0.06 ^ clkbuf_0_clkin/A (sky130_fd_sc_hd__clkbuf_16)
                  0.04    0.15    0.21 ^ clkbuf_0_clkin/X (sky130_fd_sc_hd__clkbuf_16)
     2    0.02                           clknet_0_clkin (net)
                  0.04    0.00    0.21 ^ clkbuf_1_0__f_clkin/A (sky130_fd_sc_hd__clkbuf_16)
                  0.03    0.11    0.32 ^ clkbuf_1_0__f_clkin/X (sky130_fd_sc_hd__clkbuf_16)
     2    0.00                           clknet_1_0__leaf_clkin (net)
                  0.03    0.00    0.32 ^ _19_/CLK (sky130_fd_sc_hd__dfxtp_1)
                          0.25    0.57   clock uncertainty
                         -0.03    0.54   clock reconvergence pessimism
                         -0.03    0.51   library hold time
                                  0.51   data required time
-----------------------------------------------------------------------------
                                  0.51   data required time
                                 -0.78   data arrival time
-----------------------------------------------------------------------------
                                  0.27   slack (MET)


Startpoint: _17_ (rising edge-triggered flip-flop clocked by clkin)
Endpoint: q[1] (output port clocked by clkin)
Path Group: clkin
Path Type: min

Fanout     Cap    Slew   Delay    Time   Description
-----------------------------------------------------------------------------
                          0.00    0.00   clock clkin (rise edge)
                          0.00    0.00   clock source latency
                  0.09    0.05    0.05 ^ clkin (in)
     1    0.01                           clkin (net)
                  0.09    0.00    0.05 ^ clkbuf_0_clkin/A (sky130_fd_sc_hd__clkbuf_16)
                  0.04    0.13    0.19 ^ clkbuf_0_clkin/X (sky130_fd_sc_hd__clkbuf_16)
     2    0.02                           clknet_0_clkin (net)
                  0.04    0.00    0.19 ^ clkbuf_1_1__f_clkin/A (sky130_fd_sc_hd__clkbuf_16)
                  0.03    0.10    0.29 ^ clkbuf_1_1__f_clkin/X (sky130_fd_sc_hd__clkbuf_16)
     2    0.01                           clknet_1_1__leaf_clkin (net)
                  0.03    0.00    0.29 ^ _17_/CLK (sky130_fd_sc_hd__dfxtp_1)
                  0.03    0.28    0.57 v _17_/Q (sky130_fd_sc_hd__dfxtp_1)
     2    0.00                           net3 (net)
                  0.03    0.00    0.57 v output3/A (sky130_fd_sc_hd__buf_2)
                  0.09    0.17    0.73 v output3/X (sky130_fd_sc_hd__buf_2)
     1    0.03                           q[1] (net)
                  0.09    0.00    0.74 v q[1] (out)
                                  0.74   data arrival time

                          0.00    0.00   clock clkin (rise edge)
                          0.00    0.00   clock network delay (propagated)
                          0.25    0.25   clock uncertainty
                          0.00    0.25   clock reconvergence pessimism
                         -2.00   -1.75   output external delay
                                 -1.75   data required time
-----------------------------------------------------------------------------
                                 -1.75   data required time
                                 -0.74   data arrival time
-----------------------------------------------------------------------------
                                  2.49   slack (MET)


min_report_end
max_report

===========================================================================
report_checks -path_delay max (Setup)
============================================================================
Startpoint: _18_ (rising edge-triggered flip-flop clocked by clkin)
Endpoint: q[2] (output port clocked by clkin)
Path Group: clkin
Path Type: max

Fanout     Cap    Slew   Delay    Time   Description
-----------------------------------------------------------------------------
                          0.00    0.00   clock clkin (rise edge)
                          0.00    0.00   clock source latency
                  0.09    0.06    0.06 ^ clkin (in)
     1    0.01                           clkin (net)
                  0.09    0.00    0.06 ^ clkbuf_0_clkin/A (sky130_fd_sc_hd__clkbuf_16)
                  0.04    0.15    0.21 ^ clkbuf_0_clkin/X (sky130_fd_sc_hd__clkbuf_16)
     2    0.02                           clknet_0_clkin (net)
                  0.04    0.00    0.21 ^ clkbuf_1_0__f_clkin/A (sky130_fd_sc_hd__clkbuf_16)
                  0.03    0.11    0.32 ^ clkbuf_1_0__f_clkin/X (sky130_fd_sc_hd__clkbuf_16)
     2    0.00                           clknet_1_0__leaf_clkin (net)
                  0.03    0.00    0.32 ^ _18_/CLK (sky130_fd_sc_hd__dfxtp_1)
                  0.07    0.33    0.65 ^ _18_/Q (sky130_fd_sc_hd__dfxtp_1)
     2    0.01                           net4 (net)
                  0.07    0.00    0.65 ^ output4/A (sky130_fd_sc_hd__buf_2)
                  0.17    0.22    0.87 ^ output4/X (sky130_fd_sc_hd__buf_2)
     1    0.03                           q[2] (net)
                  0.17    0.00    0.87 ^ q[2] (out)
                                  0.87   data arrival time

                         10.00   10.00   clock clkin (rise edge)
                          0.00   10.00   clock network delay (propagated)
                         -0.25    9.75   clock uncertainty
                          0.00    9.75   clock reconvergence pessimism
                         -2.00    7.75   output external delay
                                  7.75   data required time
-----------------------------------------------------------------------------
                                  7.75   data required time
                                 -0.87   data arrival time
-----------------------------------------------------------------------------
                                  6.88   slack (MET)


Startpoint: _16_ (rising edge-triggered flip-flop clocked by clkin)
Endpoint: q[0] (output port clocked by clkin)
Path Group: clkin
Path Type: max

Fanout     Cap    Slew   Delay    Time   Description
-----------------------------------------------------------------------------
                          0.00    0.00   clock clkin (rise edge)
                          0.00    0.00   clock source latency
                  0.09    0.06    0.06 ^ clkin (in)
     1    0.01                           clkin (net)
                  0.09    0.00    0.06 ^ clkbuf_0_clkin/A (sky130_fd_sc_hd__clkbuf_16)
                  0.04    0.15    0.21 ^ clkbuf_0_clkin/X (sky130_fd_sc_hd__clkbuf_16)
     2    0.02                           clknet_0_clkin (net)
                  0.04    0.00    0.21 ^ clkbuf_1_1__f_clkin/A (sky130_fd_sc_hd__clkbuf_16)
                  0.03    0.11    0.32 ^ clkbuf_1_1__f_clkin/X (sky130_fd_sc_hd__clkbuf_16)
     2    0.01                           clknet_1_1__leaf_clkin (net)
                  0.03    0.00    0.32 ^ _16_/CLK (sky130_fd_sc_hd__dfxtp_1)
                  0.06    0.33    0.65 ^ _16_/Q (sky130_fd_sc_hd__dfxtp_1)
     2    0.01                           net2 (net)
                  0.06    0.00    0.65 ^ output2/A (sky130_fd_sc_hd__buf_2)
                  0.17    0.22    0.86 ^ output2/X (sky130_fd_sc_hd__buf_2)
     1    0.03                           q[0] (net)
                  0.17    0.00    0.86 ^ q[0] (out)
                                  0.86   data arrival time

                         10.00   10.00   clock clkin (rise edge)
                          0.00   10.00   clock network delay (propagated)
                         -0.25    9.75   clock uncertainty
                          0.00    9.75   clock reconvergence pessimism
                         -2.00    7.75   output external delay
                                  7.75   data required time
-----------------------------------------------------------------------------
                                  7.75   data required time
                                 -0.86   data arrival time
-----------------------------------------------------------------------------
                                  6.89   slack (MET)


Startpoint: _19_ (rising edge-triggered flip-flop clocked by clkin)
Endpoint: q[3] (output port clocked by clkin)
Path Group: clkin
Path Type: max

Fanout     Cap    Slew   Delay    Time   Description
-----------------------------------------------------------------------------
                          0.00    0.00   clock clkin (rise edge)
                          0.00    0.00   clock source latency
                  0.09    0.06    0.06 ^ clkin (in)
     1    0.01                           clkin (net)
                  0.09    0.00    0.06 ^ clkbuf_0_clkin/A (sky130_fd_sc_hd__clkbuf_16)
                  0.04    0.15    0.21 ^ clkbuf_0_clkin/X (sky130_fd_sc_hd__clkbuf_16)
     2    0.02                           clknet_0_clkin (net)
                  0.04    0.00    0.21 ^ clkbuf_1_0__f_clkin/A (sky130_fd_sc_hd__clkbuf_16)
                  0.03    0.11    0.32 ^ clkbuf_1_0__f_clkin/X (sky130_fd_sc_hd__clkbuf_16)
     2    0.00                           clknet_1_0__leaf_clkin (net)
                  0.03    0.00    0.32 ^ _19_/CLK (sky130_fd_sc_hd__dfxtp_1)
                  0.06    0.32    0.64 ^ _19_/Q (sky130_fd_sc_hd__dfxtp_1)
     2    0.00                           net5 (net)
                  0.06    0.00    0.64 ^ output5/A (sky130_fd_sc_hd__buf_2)
                  0.17    0.22    0.86 ^ output5/X (sky130_fd_sc_hd__buf_2)
     1    0.03                           q[3] (net)
                  0.17    0.00    0.86 ^ q[3] (out)
                                  0.86   data arrival time

                         10.00   10.00   clock clkin (rise edge)
                          0.00   10.00   clock network delay (propagated)
                         -0.25    9.75   clock uncertainty
                          0.00    9.75   clock reconvergence pessimism
                         -2.00    7.75   output external delay
                                  7.75   data required time
-----------------------------------------------------------------------------
                                  7.75   data required time
                                 -0.86   data arrival time
-----------------------------------------------------------------------------
                                  6.89   slack (MET)


Startpoint: _17_ (rising edge-triggered flip-flop clocked by clkin)
Endpoint: q[1] (output port clocked by clkin)
Path Group: clkin
Path Type: max

Fanout     Cap    Slew   Delay    Time   Description
-----------------------------------------------------------------------------
                          0.00    0.00   clock clkin (rise edge)
                          0.00    0.00   clock source latency
                  0.09    0.06    0.06 ^ clkin (in)
     1    0.01                           clkin (net)
                  0.09    0.00    0.06 ^ clkbuf_0_clkin/A (sky130_fd_sc_hd__clkbuf_16)
                  0.04    0.15    0.21 ^ clkbuf_0_clkin/X (sky130_fd_sc_hd__clkbuf_16)
     2    0.02                           clknet_0_clkin (net)
                  0.04    0.00    0.21 ^ clkbuf_1_1__f_clkin/A (sky130_fd_sc_hd__clkbuf_16)
                  0.03    0.11    0.32 ^ clkbuf_1_1__f_clkin/X (sky130_fd_sc_hd__clkbuf_16)
     2    0.01                           clknet_1_1__leaf_clkin (net)
                  0.03    0.00    0.32 ^ _17_/CLK (sky130_fd_sc_hd__dfxtp_1)
                  0.06    0.32    0.64 ^ _17_/Q (sky130_fd_sc_hd__dfxtp_1)
     2    0.00                           net3 (net)
                  0.06    0.00    0.64 ^ output3/A (sky130_fd_sc_hd__buf_2)
                  0.17    0.21    0.86 ^ output3/X (sky130_fd_sc_hd__buf_2)
     1    0.03                           q[1] (net)
                  0.17    0.00    0.86 ^ q[1] (out)
                                  0.86   data arrival time

                         10.00   10.00   clock clkin (rise edge)
                          0.00   10.00   clock network delay (propagated)
                         -0.25    9.75   clock uncertainty
                          0.00    9.75   clock reconvergence pessimism
                         -2.00    7.75   output external delay
                                  7.75   data required time
-----------------------------------------------------------------------------
                                  7.75   data required time
                                 -0.86   data arrival time
-----------------------------------------------------------------------------
                                  6.89   slack (MET)


Startpoint: reset (input port clocked by clkin)
Endpoint: _18_ (rising edge-triggered flip-flop clocked by clkin)
Path Group: clkin
Path Type: max

Fanout     Cap    Slew   Delay    Time   Description
-----------------------------------------------------------------------------
                          0.00    0.00   clock clkin (rise edge)
                          0.00    0.00   clock network delay (propagated)
                          2.00    2.00 ^ input external delay
                  0.03    0.02    2.02 ^ reset (in)
     1    0.00                           reset (net)
                  0.03    0.00    2.02 ^ input1/A (sky130_fd_sc_hd__clkbuf_1)
                  0.12    0.14    2.15 ^ input1/X (sky130_fd_sc_hd__clkbuf_1)
     4    0.01                           net1 (net)
                  0.12    0.00    2.15 ^ _11_/A_N (sky130_fd_sc_hd__and2b_1)
                  0.03    0.20    2.35 v _11_/X (sky130_fd_sc_hd__and2b_1)
     1    0.00                           _06_ (net)
                  0.03    0.00    2.35 v _12_/A (sky130_fd_sc_hd__clkbuf_1)
                  0.03    0.09    2.44 v _12_/X (sky130_fd_sc_hd__clkbuf_1)
     1    0.00                           _02_ (net)
                  0.03    0.00    2.44 v _18_/D (sky130_fd_sc_hd__dfxtp_1)
                                  2.44   data arrival time

                         10.00   10.00   clock clkin (rise edge)
                          0.00   10.00   clock source latency
                  0.09    0.05   10.05 ^ clkin (in)
     1    0.01                           clkin (net)
                  0.09    0.00   10.05 ^ clkbuf_0_clkin/A (sky130_fd_sc_hd__clkbuf_16)
                  0.04    0.13   10.19 ^ clkbuf_0_clkin/X (sky130_fd_sc_hd__clkbuf_16)
     2    0.02                           clknet_0_clkin (net)
                  0.04    0.00   10.19 ^ clkbuf_1_0__f_clkin/A (sky130_fd_sc_hd__clkbuf_16)
                  0.03    0.10   10.29 ^ clkbuf_1_0__f_clkin/X (sky130_fd_sc_hd__clkbuf_16)
     2    0.00                           clknet_1_0__leaf_clkin (net)
                  0.03    0.00   10.29 ^ _18_/CLK (sky130_fd_sc_hd__dfxtp_1)
                         -0.25   10.04   clock uncertainty
                          0.00   10.04   clock reconvergence pessimism
                         -0.11    9.93   library setup time
                                  9.93   data required time
-----------------------------------------------------------------------------
                                  9.93   data required time
                                 -2.44   data arrival time
-----------------------------------------------------------------------------
                                  7.50   slack (MET)


max_report_end
check_report

===========================================================================
report_checks -unconstrained
============================================================================
Startpoint: _18_ (rising edge-triggered flip-flop clocked by clkin)
Endpoint: q[2] (output port clocked by clkin)
Path Group: clkin
Path Type: max

Fanout     Cap    Slew   Delay    Time   Description
-----------------------------------------------------------------------------
                          0.00    0.00   clock clkin (rise edge)
                          0.00    0.00   clock source latency
                  0.09    0.06    0.06 ^ clkin (in)
     1    0.01                           clkin (net)
                  0.09    0.00    0.06 ^ clkbuf_0_clkin/A (sky130_fd_sc_hd__clkbuf_16)
                  0.04    0.15    0.21 ^ clkbuf_0_clkin/X (sky130_fd_sc_hd__clkbuf_16)
     2    0.02                           clknet_0_clkin (net)
                  0.04    0.00    0.21 ^ clkbuf_1_0__f_clkin/A (sky130_fd_sc_hd__clkbuf_16)
                  0.03    0.11    0.32 ^ clkbuf_1_0__f_clkin/X (sky130_fd_sc_hd__clkbuf_16)
     2    0.00                           clknet_1_0__leaf_clkin (net)
                  0.03    0.00    0.32 ^ _18_/CLK (sky130_fd_sc_hd__dfxtp_1)
                  0.07    0.33    0.65 ^ _18_/Q (sky130_fd_sc_hd__dfxtp_1)
     2    0.01                           net4 (net)
                  0.07    0.00    0.65 ^ output4/A (sky130_fd_sc_hd__buf_2)
                  0.17    0.22    0.87 ^ output4/X (sky130_fd_sc_hd__buf_2)
     1    0.03                           q[2] (net)
                  0.17    0.00    0.87 ^ q[2] (out)
                                  0.87   data arrival time

                         10.00   10.00   clock clkin (rise edge)
                          0.00   10.00   clock network delay (propagated)
                         -0.25    9.75   clock uncertainty
                          0.00    9.75   clock reconvergence pessimism
                         -2.00    7.75   output external delay
                                  7.75   data required time
-----------------------------------------------------------------------------
                                  7.75   data required time
                                 -0.87   data arrival time
-----------------------------------------------------------------------------
                                  6.88   slack (MET)



===========================================================================
report_checks --slack_max -0.01
============================================================================
No paths found.
check_report_end
check_slew

===========================================================================
 report_check_types -max_slew -max_cap -max_fanout -violators
============================================================================

===========================================================================
max slew violation count 0
max fanout violation count 0
max cap violation count 0
============================================================================
check_slew_end
tns_report

===========================================================================
 report_tns
============================================================================
tns 0.00
tns_report_end
wns_report

===========================================================================
 report_wns
============================================================================
wns 0.00
wns_report_end
worst_slack

===========================================================================
 report_worst_slack -max (Setup)
============================================================================
worst slack 6.88

===========================================================================
 report_worst_slack -min (Hold)
============================================================================
worst slack 0.22
worst_slack_end
clock_skew

===========================================================================
 report_clock_skew
============================================================================
Clock clkin
Latency      CRPR       Skew
_17_/CLK ^
   0.32
_18_/CLK ^
   0.29     -0.02       0.01

clock_skew_end
power_report

===========================================================================
 report_power
============================================================================
Group                  Internal  Switching    Leakage      Total
                          Power      Power      Power      Power (Watts)
----------------------------------------------------------------
Sequential             1.70e-05   3.39e-07   3.38e-11   1.73e-05  21.4%
Combinational          5.21e-05   1.17e-05   1.41e-10   6.37e-05  78.6%
Macro                  0.00e+00   0.00e+00   0.00e+00   0.00e+00   0.0%
Pad                    0.00e+00   0.00e+00   0.00e+00   0.00e+00   0.0%
----------------------------------------------------------------
Total                  6.90e-05   1.20e-05   1.75e-10   8.10e-05 100.0%
                          85.2%      14.8%       0.0%
power_report_end
area_report

===========================================================================
 report_design_area
============================================================================
Design area 313 u^2 39% utilization.
area_report_end
